<?xml version="1.0" encoding="UTF-8"?>
<!-- Generated by org.testng.reporters.JUnitReportReporter -->
<testsuite hostname="DESKTOP-8A7KQU8" failures="0" tests="1" name="com.herokuapp.theinternet.loginpagetests.PositiveLogInTests" time="11.871" errors="0" timestamp="2023-06-21T15:54:14 EDT" skipped="0">
  <testcase classname="com.herokuapp.theinternet.loginpagetests.PositiveLogInTests" name="logInTest" time="11.871"/>
  <system-out/>
</testsuite> <!-- com.herokuapp.theinternet.loginpagetests.PositiveLogInTests -->
