<?xml version="1.0" encoding="UTF-8"?>
<!-- Generated by org.testng.reporters.JUnitReportReporter -->
<testsuite hostname="DESKTOP-8A7KQU8" failures="0" tests="1" name="com.herokuapp.theinternet.dropdowntests.DropdownTest" time="10.865" errors="0" timestamp="2023-06-19T13:03:57 EDT" skipped="0">
  <testcase classname="com.herokuapp.theinternet.dropdowntests.DropdownTest" name="optionTwoTest" time="10.865"/>
  <system-out/>
</testsuite> <!-- com.herokuapp.theinternet.dropdowntests.DropdownTest -->
