<?xml version="1.0" encoding="UTF-8"?>
<!-- Generated by org.testng.reporters.JUnitReportReporter -->
<testsuite hostname="DESKTOP-8A7KQU8" failures="0" tests="1" name="com.herokuapp.theinternet.PositiveTests" time="8.133" errors="0" timestamp="16 Jun 2023 21:04:13 GMT" skipped="0">
  <testcase classname="com.herokuapp.theinternet.PositiveTests" name="logInTest" time="8.133"/>
</testsuite> <!-- com.herokuapp.theinternet.PositiveTests -->
