<?xml version="1.0" encoding="UTF-8"?>
<!-- Generated by org.testng.reporters.JUnitReportReporter -->
<testsuite hostname="DESKTOP-8A7KQU8" failures="0" tests="2" name="com.herokuapp.theinternet.keypressestests.KeyPressesTests" time="18.703" errors="0" timestamp="2023-06-19T15:33:47 EDT" skipped="0">
  <testcase classname="com.herokuapp.theinternet.keypressestests.KeyPressesTests" name="pressKeyWithActionsTest" time="8.664"/>
  <system-out/>
  <testcase classname="com.herokuapp.theinternet.keypressestests.KeyPressesTests" name="pressKeyWithActionsTest" time="10.039"/>
  <system-out/>
</testsuite> <!-- com.herokuapp.theinternet.keypressestests.KeyPressesTests -->
