<?xml version="1.0" encoding="UTF-8"?>
<!-- Generated by org.testng.reporters.JUnitReportReporter -->
<testsuite hostname="DESKTOP-8A7KQU8" failures="0" tests="1" name="com.herokuapp.theinternet.editortests.EditorTests" time="20.290" errors="0" timestamp="2023-06-19T16:14:23 EDT" skipped="0">
  <testcase classname="com.herokuapp.theinternet.editortests.EditorTests" name="defaultEditorValueTest" time="20.290"/>
  <system-out/>
</testsuite> <!-- com.herokuapp.theinternet.editortests.EditorTests -->
