<?xml version="1.0" encoding="UTF-8"?>
<!-- Generated by org.testng.reporters.JUnitReportReporter -->
<testsuite hostname="DESKTOP-8A7KQU8" failures="0" tests="1" name="com.herokuapp.theinternet.windowstests.WindowsTests" time="13.545" errors="0" timestamp="2023-06-19T14:00:45 EDT" skipped="0">
  <testcase classname="com.herokuapp.theinternet.windowstests.WindowsTests" name="newWindowTest" time="13.545"/>
  <system-out/>
</testsuite> <!-- com.herokuapp.theinternet.windowstests.WindowsTests -->
